0 info it worked if it ends with ok
1 verbose cli [ '/usr/local/bin/node', '/usr/local/bin/npm', 'run', 'patch' ]
2 info using npm@3.10.5
3 info using node@v4.2.1
4 verbose run-script [ 'prepatch', 'patch', 'postpatch' ]
5 info lifecycle barfy-zone@2.2.9-freshcoyote~prepatch: barfy-zone@2.2.9-freshcoyote
6 silly lifecycle barfy-zone@2.2.9-freshcoyote~prepatch: no script for prepatch, continuing
7 info lifecycle barfy-zone@2.2.9-freshcoyote~patch: barfy-zone@2.2.9-freshcoyote
8 verbose lifecycle barfy-zone@2.2.9-freshcoyote~patch: unsafe-perm in lifecycle true
9 verbose lifecycle barfy-zone@2.2.9-freshcoyote~patch: PATH: /usr/local/lib/node_modules/npm/bin/node-gyp-bin:/home/nicolas/test/barfy-zone/node_modules/.bin:/usr/local/bin:/usr/local/heroku/bin:/home/nicolas/Android/Sdk/tools:/home/nicolas/Android/Sdk/platform-tools:/home/nicolas/android-ndk-r10e:/usr/local/sbin:/usr/local/bin:/usr/sbin:/usr/bin:/sbin:/bin:/usr/games:/usr/local/games
10 verbose lifecycle barfy-zone@2.2.9-freshcoyote~patch: CWD: /home/nicolas/test/barfy-zone
11 silly lifecycle barfy-zone@2.2.9-freshcoyote~patch: Args: [ '-c',
11 silly lifecycle   'git st && npm run addci && git pull && node versionator.js patch && npm run addci && git push && surge .' ]
12 silly lifecycle barfy-zone@2.2.9-freshcoyote~patch: Returned: code: 1  signal: null
13 info lifecycle barfy-zone@2.2.9-freshcoyote~patch: Failed to exec patch script
14 verbose stack Error: barfy-zone@2.2.9-freshcoyote patch: `git st && npm run addci && git pull && node versionator.js patch && npm run addci && git push && surge .`
14 verbose stack Exit status 1
14 verbose stack     at EventEmitter.<anonymous> (/usr/local/lib/node_modules/npm/lib/utils/lifecycle.js:242:16)
14 verbose stack     at emitTwo (events.js:87:13)
14 verbose stack     at EventEmitter.emit (events.js:172:7)
14 verbose stack     at ChildProcess.<anonymous> (/usr/local/lib/node_modules/npm/lib/utils/spawn.js:40:14)
14 verbose stack     at emitTwo (events.js:87:13)
14 verbose stack     at ChildProcess.emit (events.js:172:7)
14 verbose stack     at maybeClose (internal/child_process.js:818:16)
14 verbose stack     at Process.ChildProcess._handle.onexit (internal/child_process.js:211:5)
15 verbose pkgid barfy-zone@2.2.9-freshcoyote
16 verbose cwd /home/nicolas/test/barfy-zone
17 error Linux 3.13.0-92-generic
18 error argv "/usr/local/bin/node" "/usr/local/bin/npm" "run" "patch"
19 error node v4.2.1
20 error npm  v3.10.5
21 error code ELIFECYCLE
22 error barfy-zone@2.2.9-freshcoyote patch: `git st && npm run addci && git pull && node versionator.js patch && npm run addci && git push && surge .`
22 error Exit status 1
23 error Failed at the barfy-zone@2.2.9-freshcoyote patch script 'git st && npm run addci && git pull && node versionator.js patch && npm run addci && git push && surge .'.
23 error Make sure you have the latest version of node.js and npm installed.
23 error If you do, this is most likely a problem with the barfy-zone package,
23 error not with npm itself.
23 error Tell the author that this fails on your system:
23 error     git st && npm run addci && git pull && node versionator.js patch && npm run addci && git push && surge .
23 error You can get information on how to open an issue for this project with:
23 error     npm bugs barfy-zone
23 error Or if that isn't available, you can get their info via:
23 error     npm owner ls barfy-zone
23 error There is likely additional logging output above.
24 verbose exit [ 1, true ]
